[debug] [2019-10-19T17:19:41.154Z] ----------------------------------------------------------------------
[debug] [2019-10-19T17:19:41.156Z] Command:       /Users/ligatomasauska/.nvm/versions/node/v10.16.3/bin/node /Users/ligatomasauska/.nvm/versions/node/v10.16.3/bin/firebase serve
[debug] [2019-10-19T17:19:41.156Z] CLI Version:   7.6.1
[debug] [2019-10-19T17:19:41.156Z] Platform:      darwin
[debug] [2019-10-19T17:19:41.156Z] Node Version:  v10.16.3
[debug] [2019-10-19T17:19:41.157Z] Time:          Sat Oct 19 2019 20:19:41 GMT+0300 (Eastern European Summer Time)
[debug] [2019-10-19T17:19:41.157Z] ----------------------------------------------------------------------
[debug] [2019-10-19T17:19:41.157Z] 
[debug] [2019-10-19T17:19:41.165Z] > command requires scopes: ["email","openid","https://www.googleapis.com/auth/cloudplatformprojects.readonly","https://www.googleapis.com/auth/firebase","https://www.googleapis.com/auth/cloud-platform"]
[debug] [2019-10-19T17:19:41.165Z] > authorizing via signed-in user
[debug] [2019-10-19T17:19:41.165Z] [iam] checking project citrusapp-f1a8d for permissions ["firebase.projects.get"]
[debug] [2019-10-19T17:19:41.167Z] >>> HTTP REQUEST POST https://cloudresourcemanager.googleapis.com/v1/projects/citrusapp-f1a8d:testIamPermissions  

[debug] [2019-10-19T17:19:42.188Z] <<< HTTP RESPONSE 200
[debug] [2019-10-19T17:19:42.190Z] >>> HTTP REQUEST GET https://firebase.googleapis.com/v1beta1/projects/citrusapp-f1a8d  
 
[debug] [2019-10-19T17:19:42.459Z] <<< HTTP RESPONSE 200
[info] 
[info] === Serving from '/Users/ligatomasauska/source/CitrusApp'...
[info] 
[debug] [2019-10-19T17:19:42.462Z] >>> HTTP REQUEST GET https://firebase.googleapis.com/v1beta1/projects/citrusapp-f1a8d/webApps/-/config  
 
[warn] ⚠  Your requested "node" version "8" doesn't match your global version "10"
[info] ✔  functions: Emulator started at http://localhost:5001
[debug] [2019-10-19T17:19:43.201Z] <<< HTTP RESPONSE 200
[info] i  functions: Watching "/Users/ligatomasauska/source/CitrusApp/functions" for Cloud Functions...
[info] i  hosting: Serving hosting files from: dist/CitrusApp
[info] ✔  hosting: Local server: http://localhost:5000
[debug] [2019-10-19T17:19:43.467Z] [runtime-status] Functions runtime initialized. {"cwd":"/Users/ligatomasauska/source/CitrusApp/functions","node_version":"10.16.3"}
[debug] [2019-10-19T17:19:43.468Z] [runtime-status] Disabled runtime features: {"functions_config_helper":true,"network_filtering":true,"timeout":true,"memory_limiting":true,"admin_stubs":true} {}
[debug] [2019-10-19T17:19:43.472Z] [runtime-status] Resolved module firebase-admin {"declared":true,"installed":true,"version":"8.6.0","resolution":"/Users/ligatomasauska/source/CitrusApp/functions/node_modules/firebase-admin/lib/index.js"}
[debug] [2019-10-19T17:19:43.475Z] [runtime-status] Resolved module firebase-functions {"declared":true,"installed":true,"version":"3.3.0","resolution":"/Users/ligatomasauska/source/CitrusApp/functions/node_modules/firebase-functions/lib/index.js"}
[debug] [2019-10-19T17:19:43.476Z] [runtime-status] Resolved module firebase-functions {"declared":true,"installed":true,"version":"3.3.0","resolution":"/Users/ligatomasauska/source/CitrusApp/functions/node_modules/firebase-functions/lib/index.js"}
[info] ✔  functions[helloWorld]: http function initialized (http://localhost:5001/citrusapp-f1a8d/us-central1/helloWorld).
